<?xml version="1.0" encoding="UTF-8"?>
<testng-results skipped="0" failed="0" ignored="0" total="1" passed="1">
  <reporter-output>
  </reporter-output>
  <suite name="Default suite" duration-ms="17642" started-at="2019-06-20T03:49:46Z" finished-at="2019-06-20T03:50:03Z">
    <groups>
    </groups>
    <test name="Default test" duration-ms="17642" started-at="2019-06-20T03:49:46Z" finished-at="2019-06-20T03:50:03Z">
      <class name="testng_scenarios.AuthenticationPopUpTest">
        <test-method status="PASS" signature="f()[pri:0, instance:testng_scenarios.AuthenticationPopUpTest@1a8a8f7c]" name="f" duration-ms="17612" started-at="2019-06-20T03:49:46Z" finished-at="2019-06-20T03:50:03Z">
          <reporter-output>
          </reporter-output>
        </test-method> <!-- f -->
      </class> <!-- testng_scenarios.AuthenticationPopUpTest -->
    </test> <!-- Default test -->
  </suite> <!-- Default suite -->
</testng-results>
