<?xml version="1.0" encoding="UTF-8"?>
<testng-results skipped="0" failed="0" ignored="0" total="1" passed="1">
  <reporter-output>
  </reporter-output>
  <suite name="Default suite" duration-ms="8647" started-at="2019-06-10T04:16:24Z" finished-at="2019-06-10T04:16:33Z">
    <groups>
    </groups>
    <test name="Default test" duration-ms="8647" started-at="2019-06-10T04:16:24Z" finished-at="2019-06-10T04:16:33Z">
      <class name="testng_scenarios.AssertTest">
        <test-method status="PASS" signature="beforeTest()[pri:0, instance:testng_scenarios.AssertTest@4d50efb8]" name="beforeTest" is-config="true" duration-ms="8621" started-at="2019-06-10T04:16:24Z" finished-at="2019-06-10T04:16:33Z">
          <reporter-output>
          </reporter-output>
        </test-method> <!-- beforeTest -->
        <test-method status="PASS" signature="login()[pri:0, instance:testng_scenarios.AssertTest@4d50efb8]" name="login" duration-ms="6" started-at="2019-06-10T04:16:33Z" finished-at="2019-06-10T04:16:33Z">
          <reporter-output>
          </reporter-output>
        </test-method> <!-- login -->
      </class> <!-- testng_scenarios.AssertTest -->
    </test> <!-- Default test -->
  </suite> <!-- Default suite -->
</testng-results>
