<?xml version="1.0" encoding="UTF-8"?>
<testng-results skipped="0" failed="0" ignored="0" total="2" passed="2">
  <reporter-output>
  </reporter-output>
  <suite name="Default suite" duration-ms="8972" started-at="2019-09-30T17:25:54Z" finished-at="2019-09-30T17:26:03Z">
    <groups>
    </groups>
    <test name="Default test" duration-ms="8972" started-at="2019-09-30T17:25:54Z" finished-at="2019-09-30T17:26:03Z">
      <class name="com.OHRMS.testcasescripts.LoginPageTest">
        <test-method status="PASS" signature="setup()[pri:0, instance:com.OHRMS.testcasescripts.LoginPageTest@685cb137]" name="setup" is-config="true" duration-ms="6735" started-at="2019-09-30T17:25:54Z" finished-at="2019-09-30T17:26:01Z">
          <reporter-output>
          </reporter-output>
        </test-method> <!-- setup -->
        <test-method status="PASS" signature="loginPageTitleTest()[pri:1, instance:com.OHRMS.testcasescripts.LoginPageTest@685cb137]" name="loginPageTitleTest" duration-ms="16" started-at="2019-09-30T17:26:01Z" finished-at="2019-09-30T17:26:01Z">
          <reporter-output>
          </reporter-output>
        </test-method> <!-- loginPageTitleTest -->
        <test-method status="PASS" signature="LoginTest()[pri:2, instance:com.OHRMS.testcasescripts.LoginPageTest@685cb137]" name="LoginTest" duration-ms="2190" started-at="2019-09-30T17:26:01Z" finished-at="2019-09-30T17:26:03Z">
          <reporter-output>
          </reporter-output>
        </test-method> <!-- LoginTest -->
        <test-method status="PASS" signature="teardown()[pri:0, instance:com.OHRMS.testcasescripts.LoginPageTest@685cb137]" name="teardown" is-config="true" duration-ms="0" started-at="2019-09-30T17:26:03Z" finished-at="2019-09-30T17:26:03Z">
          <reporter-output>
          </reporter-output>
        </test-method> <!-- teardown -->
      </class> <!-- com.OHRMS.testcasescripts.LoginPageTest -->
    </test> <!-- Default test -->
  </suite> <!-- Default suite -->
</testng-results>
