<?xml version="1.0" encoding="UTF-8"?>
<testng-results skipped="0" failed="0" ignored="0" total="2" passed="2">
  <reporter-output>
  </reporter-output>
  <suite name="Default suite" duration-ms="9258" started-at="2019-06-01T06:54:38Z" finished-at="2019-06-01T06:54:47Z">
    <groups>
    </groups>
    <test name="Default test" duration-ms="9258" started-at="2019-06-01T06:54:38Z" finished-at="2019-06-01T06:54:47Z">
      <class name="com.OHRMS.testcasescripts.LoginPageTest">
        <test-method status="PASS" signature="setup()[pri:0, instance:com.OHRMS.testcasescripts.LoginPageTest@604ed9f0]" name="setup" is-config="true" duration-ms="7872" started-at="2019-06-01T06:54:38Z" finished-at="2019-06-01T06:54:45Z">
          <reporter-output>
          </reporter-output>
        </test-method> <!-- setup -->
        <test-method status="PASS" signature="loginPageTitleTest()[pri:1, instance:com.OHRMS.testcasescripts.LoginPageTest@604ed9f0]" name="loginPageTitleTest" duration-ms="19" started-at="2019-06-01T06:54:45Z" finished-at="2019-06-01T06:54:45Z">
          <reporter-output>
          </reporter-output>
        </test-method> <!-- loginPageTitleTest -->
        <test-method status="PASS" signature="LoginTest()[pri:2, instance:com.OHRMS.testcasescripts.LoginPageTest@604ed9f0]" name="LoginTest" duration-ms="1329" started-at="2019-06-01T06:54:45Z" finished-at="2019-06-01T06:54:47Z">
          <reporter-output>
          </reporter-output>
        </test-method> <!-- LoginTest -->
        <test-method status="PASS" signature="teardown()[pri:0, instance:com.OHRMS.testcasescripts.LoginPageTest@604ed9f0]" name="teardown" is-config="true" duration-ms="1" started-at="2019-06-01T06:54:47Z" finished-at="2019-06-01T06:54:47Z">
          <reporter-output>
          </reporter-output>
        </test-method> <!-- teardown -->
      </class> <!-- com.OHRMS.testcasescripts.LoginPageTest -->
    </test> <!-- Default test -->
  </suite> <!-- Default suite -->
</testng-results>
