<?xml version="1.0" encoding="UTF-8"?>
<!-- Generated by org.testng.reporters.JUnitXMLReporter -->
<testsuite hostname="sudheer-PC" ignored="1" name="Test" tests="2" failures="0" timestamp="03 Jun 2019 04:04:41 GMT" time="9.684" errors="0">
  <testcase name="afterTest" time="0.014" classname="listeners_implementation.InformationTest"/>
  <testcase name="beforeTest" time="9.627" classname="listeners_implementation.InformationTest"/>
  <testcase name="Dropdown_tollnumber" time="0.0" classname="listeners_implementation.InformationTest">
    <ignored/>
  </testcase> <!-- Dropdown_tollnumber -->
</testsuite> <!-- Test -->
